# adcrheostat
APDS9310: 0x48[0x00] = 0x0016
APDS9310: 0x48[0x01] = 0x409c
APDS9310: 0x48[0x02] = 0x0000
APDS9310: 0x48[0x03] = 0x8000
adcrheostat: PWM 0 % ADC -0.003 v Period 6 ms
adcrheostat: PWM 0 % ADC -0.003 v Period 8 ms
adcrheostat: PWM 0 % ADC -0.003 v Period 8 ms
adcrheostat: PWM 0 % ADC -0.003 v Period 8 ms
adcrheostat: PWM 0 % ADC -0.003 v Period 8 ms
adcrheostat: PWM 1 % ADC 0.080 v Period 8 ms
adcrheostat: PWM 1 % ADC -0.003 v Period 8 ms
adcrheostat: PWM 1 % ADC 0.079 v Period 8 ms
adcrheostat: PWM 1 % ADC 0.077 v Period 7 ms
adcrheostat: PWM 1 % ADC 0.049 v Period 8 ms
adcrheostat: PWM 2 % ADC 0.162 v Period 8 ms
adcrheostat: PWM 2 % ADC 0.077 v Period 8 ms
adcrheostat: PWM 2 % ADC 0.077 v Period 8 ms
adcrheostat: PWM 2 % ADC 0.162 v Period 8 ms
adcrheostat: PWM 2 % ADC 0.159 v Period 8 ms
adcrheostat: PWM 3 % ADC 0.159 v Period 8 ms
adcrheostat: PWM 3 % ADC 0.159 v Period 8 ms
adcrheostat: PWM 3 % ADC -0.003 v Period 8 ms
adcrheostat: PWM 3 % ADC 0.126 v Period 7 ms
adcrheostat: PWM 3 % ADC 0.162 v Period 8 ms
adcrheostat: PWM 4 % ADC 0.244 v Period 8 ms
adcrheostat: PWM 4 % ADC 0.242 v Period 8 ms
adcrheostat: PWM 4 % ADC 0.242 v Period 8 ms
adcrheostat: PWM 4 % ADC 0.231 v Period 8 ms
adcrheostat: PWM 4 % ADC 0.242 v Period 8 ms
adcrheostat: PWM 5 % ADC 0.280 v Period 8 ms
adcrheostat: PWM 5 % ADC 0.326 v Period 8 ms
adcrheostat: PWM 5 % ADC 0.328 v Period 8 ms
adcrheostat: PWM 5 % ADC 0.229 v Period 8 ms
adcrheostat: PWM 5 % ADC 0.324 v Period 8 ms
adcrheostat: PWM 6 % ADC 0.329 v Period 8 ms
adcrheostat: PWM 6 % ADC 0.326 v Period 8 ms
adcrheostat: PWM 6 % ADC 0.162 v Period 8 ms
adcrheostat: PWM 6 % ADC 0.162 v Period 8 ms
adcrheostat: PWM 6 % ADC 0.324 v Period 8 ms
adcrheostat: PWM 7 % ADC 0.326 v Period 8 ms
adcrheostat: PWM 7 % ADC 0.326 v Period 8 ms
adcrheostat: PWM 7 % ADC 0.296 v Period 8 ms
adcrheostat: PWM 7 % ADC 0.326 v Period 8 ms
adcrheostat: PWM 7 % ADC 0.254 v Period 8 ms
adcrheostat: PWM 8 % ADC 0.370 v Period 8 ms
adcrheostat: PWM 8 % ADC 0.368 v Period 8 ms
adcrheostat: PWM 8 % ADC 0.370 v Period 8 ms
adcrheostat: PWM 8 % ADC 0.370 v Period 8 ms
adcrheostat: PWM 8 % ADC 0.368 v Period 8 ms
adcrheostat: PWM 9 % ADC 0.409 v Period 8 ms
adcrheostat: PWM 9 % ADC -0.003 v Period 8 ms
adcrheostat: PWM 9 % ADC 0.265 v Period 8 ms
adcrheostat: PWM 9 % ADC 0.409 v Period 8 ms
adcrheostat: PWM 9 % ADC 0.401 v Period 8 ms
adcrheostat: PWM 10 % ADC 0.627 v Period 8 ms
adcrheostat: PWM 10 % ADC 0.589 v Period 7 ms
adcrheostat: PWM 10 % ADC 0.578 v Period 8 ms
adcrheostat: PWM 10 % ADC 0.577 v Period 8 ms
adcrheostat: PWM 10 % ADC 0.573 v Period 8 ms
adcrheostat: PWM 11 % ADC 0.491 v Period 8 ms
adcrheostat: PWM 11 % ADC 0.491 v Period 8 ms
adcrheostat: PWM 11 % ADC 0.401 v Period 7 ms
adcrheostat: PWM 11 % ADC -0.003 v Period 8 ms
adcrheostat: PWM 11 % ADC 0.494 v Period 8 ms
adcrheostat: PWM 12 % ADC 0.494 v Period 8 ms
adcrheostat: PWM 12 % ADC 0.476 v Period 8 ms
adcrheostat: PWM 12 % ADC 0.491 v Period 8 ms
adcrheostat: PWM 12 % ADC 0.488 v Period 8 ms
adcrheostat: PWM 12 % ADC 0.478 v Period 8 ms
adcrheostat: PWM 13 % ADC 0.576 v Period 8 ms
adcrheostat: PWM 13 % ADC 0.545 v Period 8 ms
adcrheostat: PWM 13 % ADC 0.576 v Period 8 ms
adcrheostat: PWM 13 % ADC 0.545 v Period 8 ms
adcrheostat: PWM 13 % ADC -0.003 v Period 8 ms
adcrheostat: PWM 14 % ADC 0.329 v Period 8 ms
adcrheostat: PWM 14 % ADC 0.653 v Period 8 ms
adcrheostat: PWM 14 % ADC 0.661 v Period 7 ms
adcrheostat: PWM 14 % ADC 0.326 v Period 8 ms
adcrheostat: PWM 14 % ADC 0.326 v Period 8 ms
adcrheostat: PWM 15 % ADC 0.656 v Period 8 ms
adcrheostat: PWM 15 % ADC 0.692 v Period 8 ms
adcrheostat: PWM 15 % ADC 0.463 v Period 8 ms
adcrheostat: PWM 15 % ADC 0.590 v Period 8 ms
adcrheostat: PWM 15 % ADC 0.661 v Period 8 ms
adcrheostat: PWM 16 % ADC 0.586 v Period 8 ms
adcrheostat: PWM 16 % ADC 0.584 v Period 8 ms
adcrheostat: PWM 16 % ADC 0.584 v Period 8 ms
adcrheostat: PWM 16 % ADC 0.583 v Period 8 ms
adcrheostat: PWM 16 % ADC 0.584 v Period 8 ms
adcrheostat: PWM 17 % ADC 0.741 v Period 8 ms
adcrheostat: PWM 17 % ADC 0.373 v Period 7 ms
adcrheostat: PWM 17 % ADC 0.218 v Period 8 ms
adcrheostat: PWM 17 % ADC 0.743 v Period 8 ms
adcrheostat: PWM 17 % ADC 0.710 v Period 8 ms
adcrheostat: PWM 18 % ADC 0.380 v Period 8 ms
adcrheostat: PWM 18 % ADC 0.617 v Period 8 ms
adcrheostat: PWM 18 % ADC 0.823 v Period 8 ms
adcrheostat: PWM 18 % ADC 0.771 v Period 8 ms
adcrheostat: PWM 18 % ADC 0.380 v Period 8 ms
adcrheostat: PWM 19 % ADC 0.308 v Period 8 ms
adcrheostat: PWM 19 % ADC 0.365 v Period 8 ms
adcrheostat: PWM 19 % ADC 0.823 v Period 8 ms
adcrheostat: PWM 19 % ADC 0.800 v Period 8 ms
adcrheostat: PWM 19 % ADC 0.828 v Period 8 ms
adcrheostat: PWM 20 % ADC 0.950 v Period 8 ms
adcrheostat: PWM 20 % ADC 0.882 v Period 8 ms
adcrheostat: PWM 20 % ADC 0.985 v Period 8 ms
adcrheostat: PWM 20 % ADC 0.955 v Period 8 ms
adcrheostat: PWM 20 % ADC 0.877 v Period 7 ms
adcrheostat: PWM 21 % ADC 0.905 v Period 8 ms
adcrheostat: PWM 21 % ADC 0.877 v Period 7 ms
adcrheostat: PWM 21 % ADC 0.877 v Period 8 ms
adcrheostat: PWM 21 % ADC 0.908 v Period 8 ms
adcrheostat: PWM 21 % ADC 0.257 v Period 8 ms
adcrheostat: PWM 22 % ADC 0.465 v Period 8 ms
adcrheostat: PWM 22 % ADC 0.866 v Period 8 ms
adcrheostat: PWM 22 % ADC 0.990 v Period 8 ms
adcrheostat: PWM 22 % ADC 0.771 v Period 8 ms
adcrheostat: PWM 22 % ADC 0.463 v Period 8 ms
adcrheostat: PWM 23 % ADC 0.980 v Period 8 ms
adcrheostat: PWM 23 % ADC 0.962 v Period 8 ms
adcrheostat: PWM 23 % ADC 0.962 v Period 8 ms
adcrheostat: PWM 23 % ADC 0.990 v Period 8 ms
adcrheostat: PWM 23 % ADC 0.303 v Period 8 ms
adcrheostat: PWM 24 % ADC 0.836 v Period 8 ms
adcrheostat: PWM 24 % ADC 0.838 v Period 8 ms
adcrheostat: PWM 24 % ADC 0.839 v Period 8 ms
adcrheostat: PWM 24 % ADC 0.861 v Period 8 ms
adcrheostat: PWM 24 % ADC 0.836 v Period 8 ms
adcrheostat: PWM 25 % ADC 1.123 v Period 8 ms
adcrheostat: PWM 25 % ADC 1.060 v Period 8 ms
adcrheostat: PWM 25 % ADC 1.052 v Period 8 ms
adcrheostat: PWM 25 % ADC 1.076 v Period 8 ms
adcrheostat: PWM 25 % ADC 1.107 v Period 8 ms
adcrheostat: PWM 26 % ADC 0.998 v Period 8 ms
adcrheostat: PWM 26 % ADC 1.152 v Period 8 ms
adcrheostat: PWM 26 % ADC 0.887 v Period 8 ms
adcrheostat: PWM 26 % ADC 0.548 v Period 8 ms
adcrheostat: PWM 26 % ADC 0.872 v Period 8 ms
adcrheostat: PWM 27 % ADC 1.150 v Period 8 ms
adcrheostat: PWM 27 % ADC 0.651 v Period 8 ms
adcrheostat: PWM 27 % ADC 0.352 v Period 8 ms
adcrheostat: PWM 27 % ADC 1.108 v Period 8 ms
adcrheostat: PWM 27 % ADC 1.126 v Period 8 ms
adcrheostat: PWM 28 % ADC 0.993 v Period 8 ms
adcrheostat: PWM 28 % ADC 0.956 v Period 8 ms
adcrheostat: PWM 28 % ADC 0.960 v Period 8 ms
adcrheostat: PWM 28 % ADC 0.956 v Period 7 ms
adcrheostat: PWM 28 % ADC 0.959 v Period 8 ms
adcrheostat: PWM 29 % ADC 0.663 v Period 8 ms
adcrheostat: PWM 29 % ADC 1.240 v Period 8 ms
adcrheostat: PWM 29 % ADC 1.211 v Period 8 ms
adcrheostat: PWM 29 % ADC 1.209 v Period 8 ms
adcrheostat: PWM 29 % ADC 1.116 v Period 8 ms
adcrheostat: PWM 30 % ADC 1.137 v Period 8 ms
adcrheostat: PWM 30 % ADC 1.119 v Period 8 ms
adcrheostat: PWM 30 % ADC 1.129 v Period 8 ms
adcrheostat: PWM 30 % ADC 1.127 v Period 8 ms
adcrheostat: PWM 30 % ADC 1.126 v Period 8 ms
adcrheostat: PWM 31 % ADC 0.859 v Period 8 ms
adcrheostat: PWM 31 % ADC 0.416 v Period 7 ms
adcrheostat: PWM 31 % ADC 0.987 v Period 8 ms
adcrheostat: PWM 31 % ADC 1.293 v Period 8 ms
adcrheostat: PWM 31 % ADC 1.293 v Period 8 ms
adcrheostat: PWM 32 % ADC 1.106 v Period 7 ms
adcrheostat: PWM 32 % ADC 1.083 v Period 8 ms
adcrheostat: PWM 32 % ADC 1.080 v Period 8 ms
adcrheostat: PWM 32 % ADC 1.122 v Period 8 ms
adcrheostat: PWM 32 % ADC 1.085 v Period 8 ms
adcrheostat: PWM 33 % ADC 1.374 v Period 8 ms
adcrheostat: PWM 33 % ADC 1.139 v Period 8 ms
adcrheostat: PWM 33 % ADC 0.501 v Period 8 ms
adcrheostat: PWM 33 % ADC 0.869 v Period 8 ms
adcrheostat: PWM 33 % ADC 1.407 v Period 8 ms
adcrheostat: PWM 34 % ADC 1.026 v Period 8 ms
adcrheostat: PWM 34 % ADC 0.715 v Period 8 ms
adcrheostat: PWM 34 % ADC 1.227 v Period 8 ms
adcrheostat: PWM 34 % ADC 1.489 v Period 8 ms
adcrheostat: PWM 34 % ADC 1.155 v Period 8 ms
adcrheostat: PWM 35 % ADC 1.250 v Period 8 ms
adcrheostat: PWM 35 % ADC 0.984 v Period 8 ms
adcrheostat: PWM 35 % ADC 1.219 v Period 8 ms
adcrheostat: PWM 35 % ADC 1.319 v Period 8 ms
adcrheostat: PWM 35 % ADC 1.206 v Period 8 ms
adcrheostat: PWM 36 % ADC 1.209 v Period 8 ms
adcrheostat: PWM 36 % ADC 1.206 v Period 8 ms
adcrheostat: PWM 36 % ADC 1.208 v Period 8 ms
adcrheostat: PWM 36 % ADC 1.209 v Period 8 ms
adcrheostat: PWM 36 % ADC 1.209 v Period 8 ms
adcrheostat: PWM 37 % ADC 1.237 v Period 8 ms
adcrheostat: PWM 37 % ADC 1.540 v Period 8 ms
adcrheostat: PWM 37 % ADC 1.541 v Period 8 ms
adcrheostat: PWM 37 % ADC 1.386 v Period 7 ms
adcrheostat: PWM 37 % ADC 0.666 v Period 10 ms
adcrheostat: PWM 38 % ADC 1.502 v Period 8 ms
adcrheostat: PWM 38 % ADC 0.964 v Period 8 ms
adcrheostat: PWM 38 % ADC 0.980 v Period 8 ms
adcrheostat: PWM 38 % ADC 1.510 v Period 7 ms
adcrheostat: PWM 38 % ADC 1.628 v Period 8 ms
adcrheostat: PWM 39 % ADC 1.232 v Period 8 ms
adcrheostat: PWM 39 % ADC 1.623 v Period 8 ms
adcrheostat: PWM 39 % ADC 1.623 v Period 8 ms
adcrheostat: PWM 39 % ADC 1.473 v Period 8 ms
adcrheostat: PWM 39 % ADC 0.751 v Period 8 ms
adcrheostat: PWM 40 % ADC 1.358 v Period 8 ms
adcrheostat: PWM 40 % ADC 1.379 v Period 8 ms
adcrheostat: PWM 40 % ADC 1.507 v Period 8 ms
adcrheostat: PWM 40 % ADC 1.370 v Period 8 ms
adcrheostat: PWM 40 % ADC 1.365 v Period 8 ms
adcrheostat: PWM 41 % ADC 1.288 v Period 8 ms
adcrheostat: PWM 41 % ADC 0.830 v Period 9 ms
adcrheostat: PWM 41 % ADC 1.052 v Period 8 ms
adcrheostat: PWM 41 % ADC 1.708 v Period 8 ms
adcrheostat: PWM 41 % ADC 1.708 v Period 8 ms
adcrheostat: PWM 42 % ADC 1.816 v Period 8 ms
adcrheostat: PWM 42 % ADC 1.574 v Period 8 ms
adcrheostat: PWM 42 % ADC 1.031 v Period 8 ms
adcrheostat: PWM 42 % ADC 1.157 v Period 8 ms
adcrheostat: PWM 42 % ADC 1.692 v Period 8 ms
adcrheostat: PWM 43 % ADC 1.252 v Period 8 ms
adcrheostat: PWM 43 % ADC 0.913 v Period 8 ms
adcrheostat: PWM 43 % ADC 1.172 v Period 8 ms
adcrheostat: PWM 43 % ADC 1.790 v Period 7 ms
adcrheostat: PWM 43 % ADC 1.793 v Period 8 ms
adcrheostat: PWM 44 % ADC 1.458 v Period 8 ms
adcrheostat: PWM 44 % ADC 1.458 v Period 8 ms
adcrheostat: PWM 44 % ADC 1.458 v Period 8 ms
adcrheostat: PWM 44 % ADC 1.448 v Period 8 ms
adcrheostat: PWM 44 % ADC 1.456 v Period 8 ms
adcrheostat: PWM 45 % ADC 1.329 v Period 8 ms
adcrheostat: PWM 45 % ADC 1.421 v Period 8 ms
adcrheostat: PWM 45 % ADC 1.609 v Period 8 ms
adcrheostat: PWM 45 % ADC 1.553 v Period 8 ms
adcrheostat: PWM 45 % ADC 1.306 v Period 8 ms
adcrheostat: PWM 46 % ADC 1.556 v Period 8 ms
adcrheostat: PWM 46 % ADC 1.021 v Period 8 ms
adcrheostat: PWM 46 % ADC 1.417 v Period 8 ms
adcrheostat: PWM 46 % ADC 1.952 v Period 8 ms
adcrheostat: PWM 46 % ADC 1.687 v Period 7 ms
adcrheostat: PWM 47 % ADC 1.957 v Period 7 ms
adcrheostat: PWM 47 % ADC 1.957 v Period 8 ms
adcrheostat: PWM 47 % ADC 1.291 v Period 8 ms
adcrheostat: PWM 47 % ADC 1.080 v Period 8 ms
adcrheostat: PWM 47 % ADC 1.299 v Period 8 ms
adcrheostat: PWM 48 % ADC 1.582 v Period 8 ms
adcrheostat: PWM 48 % ADC 1.582 v Period 8 ms
adcrheostat: PWM 48 % ADC 1.582 v Period 8 ms
adcrheostat: PWM 48 % ADC 1.582 v Period 8 ms
adcrheostat: PWM 48 % ADC 1.497 v Period 7 ms
adcrheostat: PWM 49 % ADC 1.165 v Period 8 ms
adcrheostat: PWM 49 % ADC 1.695 v Period 8 ms
adcrheostat: PWM 49 % ADC 2.039 v Period 8 ms
adcrheostat: PWM 49 % ADC 2.039 v Period 8 ms
adcrheostat: PWM 49 % ADC 1.396 v Period 8 ms
adcrheostat: PWM 50 % ADC 1.664 v Period 8 ms
adcrheostat: PWM 50 % ADC 1.654 v Period 8 ms
adcrheostat: PWM 50 % ADC 1.646 v Period 8 ms
adcrheostat: PWM 50 % ADC 1.628 v Period 8 ms
adcrheostat: PWM 50 % ADC 1.635 v Period 8 ms
adcrheostat: PWM 51 % ADC 2.122 v Period 8 ms
adcrheostat: PWM 51 % ADC 2.122 v Period 8 ms
adcrheostat: PWM 51 % ADC 1.710 v Period 8 ms
adcrheostat: PWM 51 % ADC 1.247 v Period 8 ms
adcrheostat: PWM 51 % ADC 1.247 v Period 8 ms
adcrheostat: PWM 52 % ADC 1.705 v Period 8 ms
adcrheostat: PWM 52 % ADC 1.705 v Period 8 ms
adcrheostat: PWM 52 % ADC 1.705 v Period 8 ms
adcrheostat: PWM 52 % ADC 1.705 v Period 8 ms
adcrheostat: PWM 52 % ADC 1.708 v Period 8 ms
adcrheostat: PWM 53 % ADC 1.551 v Period 8 ms
adcrheostat: PWM 53 % ADC 2.207 v Period 8 ms
adcrheostat: PWM 53 % ADC 2.207 v Period 8 ms
adcrheostat: PWM 53 % ADC 1.705 v Period 8 ms
adcrheostat: PWM 53 % ADC 1.329 v Period 8 ms
adcrheostat: PWM 54 % ADC 2.065 v Period 8 ms
adcrheostat: PWM 54 % ADC 1.525 v Period 8 ms
adcrheostat: PWM 54 % ADC 1.411 v Period 8 ms
adcrheostat: PWM 54 % ADC 1.960 v Period 8 ms
adcrheostat: PWM 54 % ADC 2.186 v Period 8 ms
adcrheostat: PWM 55 % ADC 1.636 v Period 8 ms
adcrheostat: PWM 55 % ADC 1.888 v Period 8 ms
adcrheostat: PWM 55 % ADC 1.939 v Period 8 ms
adcrheostat: PWM 55 % ADC 1.669 v Period 8 ms
adcrheostat: PWM 55 % ADC 1.659 v Period 8 ms
adcrheostat: PWM 56 % ADC 1.836 v Period 8 ms
adcrheostat: PWM 56 % ADC 1.823 v Period 8 ms
adcrheostat: PWM 56 % ADC 1.831 v Period 8 ms
adcrheostat: PWM 56 % ADC 1.834 v Period 8 ms
adcrheostat: PWM 56 % ADC 1.831 v Period 8 ms
adcrheostat: PWM 57 % ADC 1.494 v Period 8 ms
adcrheostat: PWM 57 % ADC 1.494 v Period 8 ms
adcrheostat: PWM 57 % ADC 1.690 v Period 8 ms
adcrheostat: PWM 57 % ADC 2.371 v Period 8 ms
adcrheostat: PWM 57 % ADC 2.371 v Period 8 ms
adcrheostat: PWM 58 % ADC 1.468 v Period 8 ms
adcrheostat: PWM 58 % ADC 1.759 v Period 8 ms
adcrheostat: PWM 58 % ADC 2.292 v Period 8 ms
adcrheostat: PWM 58 % ADC 2.173 v Period 8 ms
adcrheostat: PWM 58 % ADC 1.551 v Period 8 ms
adcrheostat: PWM 59 % ADC 1.576 v Period 8 ms
adcrheostat: PWM 59 % ADC 1.577 v Period 8 ms
adcrheostat: PWM 59 % ADC 1.811 v Period 8 ms
adcrheostat: PWM 59 % ADC 2.451 v Period 8 ms
adcrheostat: PWM 59 % ADC 2.420 v Period 8 ms
adcrheostat: PWM 60 % ADC 1.870 v Period 8 ms
adcrheostat: PWM 60 % ADC 1.931 v Period 8 ms
adcrheostat: PWM 60 % ADC 1.828 v Period 8 ms
adcrheostat: PWM 60 % ADC 1.805 v Period 8 ms
adcrheostat: PWM 60 % ADC 1.947 v Period 8 ms
adcrheostat: PWM 61 % ADC 2.050 v Period 8 ms
adcrheostat: PWM 61 % ADC 2.538 v Period 8 ms
adcrheostat: PWM 61 % ADC 2.266 v Period 8 ms
adcrheostat: PWM 61 % ADC 1.661 v Period 8 ms
adcrheostat: PWM 61 % ADC 1.661 v Period 8 ms
adcrheostat: PWM 62 % ADC 2.281 v Period 8 ms
adcrheostat: PWM 62 % ADC 1.782 v Period 8 ms
adcrheostat: PWM 62 % ADC 1.651 v Period 8 ms
adcrheostat: PWM 62 % ADC 2.189 v Period 8 ms
adcrheostat: PWM 62 % ADC 2.443 v Period 8 ms
adcrheostat: PWM 63 % ADC 2.621 v Period 8 ms
adcrheostat: PWM 63 % ADC 2.446 v Period 8 ms
adcrheostat: PWM 63 % ADC 1.715 v Period 8 ms
adcrheostat: PWM 63 % ADC 1.746 v Period 8 ms
adcrheostat: PWM 63 % ADC 1.746 v Period 8 ms
adcrheostat: PWM 64 % ADC 2.047 v Period 8 ms
adcrheostat: PWM 64 % ADC 2.058 v Period 8 ms
adcrheostat: PWM 64 % ADC 2.047 v Period 8 ms
adcrheostat: PWM 64 % ADC 2.050 v Period 8 ms
adcrheostat: PWM 64 % ADC 2.050 v Period 8 ms
adcrheostat: PWM 65 % ADC 2.140 v Period 8 ms
adcrheostat: PWM 65 % ADC 2.253 v Period 8 ms
adcrheostat: PWM 65 % ADC 1.988 v Period 8 ms
adcrheostat: PWM 65 % ADC 1.967 v Period 8 ms
adcrheostat: PWM 65 % ADC 2.193 v Period 7 ms
adcrheostat: PWM 66 % ADC 1.802 v Period 8 ms
adcrheostat: PWM 66 % ADC 2.209 v Period 8 ms
adcrheostat: PWM 66 % ADC 2.577 v Period 8 ms
adcrheostat: PWM 66 % ADC 2.104 v Period 8 ms
adcrheostat: PWM 66 % ADC 1.798 v Period 8 ms
adcrheostat: PWM 67 % ADC 1.911 v Period 8 ms
adcrheostat: PWM 67 % ADC 1.911 v Period 8 ms
adcrheostat: PWM 67 % ADC 1.911 v Period 8 ms
adcrheostat: PWM 67 % ADC 1.898 v Period 8 ms
adcrheostat: PWM 67 % ADC 2.654 v Period 8 ms
adcrheostat: PWM 68 % ADC 2.202 v Period 8 ms
adcrheostat: PWM 68 % ADC 2.292 v Period 8 ms
adcrheostat: PWM 68 % ADC 2.199 v Period 8 ms
adcrheostat: PWM 68 % ADC 2.160 v Period 8 ms
adcrheostat: PWM 68 % ADC 2.168 v Period 8 ms
adcrheostat: PWM 69 % ADC 1.962 v Period 8 ms
adcrheostat: PWM 69 % ADC 2.534 v Period 8 ms
adcrheostat: PWM 69 % ADC 2.868 v Period 8 ms
adcrheostat: PWM 69 % ADC 2.117 v Period 8 ms
adcrheostat: PWM 69 % ADC 1.991 v Period 8 ms
adcrheostat: PWM 70 % ADC 2.158 v Period 8 ms
adcrheostat: PWM 70 % ADC 2.168 v Period 8 ms
adcrheostat: PWM 70 % ADC 2.164 v Period 8 ms
adcrheostat: PWM 70 % ADC 2.117 v Period 8 ms
adcrheostat: PWM 70 % ADC 2.148 v Period 8 ms
adcrheostat: PWM 71 % ADC 2.076 v Period 8 ms
adcrheostat: PWM 71 % ADC 2.132 v Period 8 ms
adcrheostat: PWM 71 % ADC 2.886 v Period 8 ms
adcrheostat: PWM 71 % ADC 2.600 v Period 8 ms
adcrheostat: PWM 71 % ADC 2.060 v Period 8 ms
adcrheostat: PWM 72 % ADC 2.292 v Period 8 ms
adcrheostat: PWM 72 % ADC 2.297 v Period 8 ms
adcrheostat: PWM 72 % ADC 2.294 v Period 8 ms
adcrheostat: PWM 72 % ADC 2.294 v Period 8 ms
adcrheostat: PWM 72 % ADC 2.304 v Period 8 ms
adcrheostat: PWM 73 % ADC 2.338 v Period 8 ms
adcrheostat: PWM 73 % ADC 2.160 v Period 8 ms
adcrheostat: PWM 73 % ADC 2.160 v Period 8 ms
adcrheostat: PWM 73 % ADC 2.132 v Period 8 ms
adcrheostat: PWM 73 % ADC 2.783 v Period 8 ms
adcrheostat: PWM 74 % ADC 2.322 v Period 8 ms
adcrheostat: PWM 74 % ADC 2.739 v Period 8 ms
adcrheostat: PWM 74 % ADC 2.495 v Period 8 ms
adcrheostat: PWM 74 % ADC 2.132 v Period 8 ms
adcrheostat: PWM 74 % ADC 2.194 v Period 8 ms
adcrheostat: PWM 75 % ADC 2.179 v Period 8 ms
adcrheostat: PWM 75 % ADC 2.193 v Period 8 ms
adcrheostat: PWM 75 % ADC 2.155 v Period 8 ms
adcrheostat: PWM 75 % ADC 2.196 v Period 8 ms
adcrheostat: PWM 75 % ADC 2.189 v Period 8 ms
adcrheostat: PWM 76 % ADC 2.448 v Period 7 ms
adcrheostat: PWM 76 % ADC 2.448 v Period 8 ms
adcrheostat: PWM 76 % ADC 2.448 v Period 8 ms
adcrheostat: PWM 76 % ADC 2.448 v Period 8 ms
adcrheostat: PWM 76 % ADC 2.454 v Period 8 ms
adcrheostat: PWM 77 % ADC 2.325 v Period 8 ms
adcrheostat: PWM 77 % ADC 2.297 v Period 8 ms
adcrheostat: PWM 77 % ADC 2.693 v Period 8 ms
adcrheostat: PWM 77 % ADC 3.042 v Period 8 ms
adcrheostat: PWM 77 % ADC 2.297 v Period 8 ms
adcrheostat: PWM 78 % ADC 2.297 v Period 8 ms
adcrheostat: PWM 78 % ADC 2.757 v Period 8 ms
adcrheostat: PWM 78 % ADC 2.821 v Period 8 ms
adcrheostat: PWM 78 % ADC 2.302 v Period 8 ms
adcrheostat: PWM 78 % ADC 2.297 v Period 8 ms
adcrheostat: PWM 79 % ADC 2.410 v Period 8 ms
adcrheostat: PWM 79 % ADC 2.379 v Period 8 ms
adcrheostat: PWM 79 % ADC 2.770 v Period 8 ms
adcrheostat: PWM 79 % ADC 3.048 v Period 8 ms
adcrheostat: PWM 79 % ADC 2.379 v Period 8 ms
adcrheostat: PWM 80 % ADC 2.330 v Period 8 ms
adcrheostat: PWM 80 % ADC 2.392 v Period 8 ms
adcrheostat: PWM 80 % ADC 2.320 v Period 8 ms
adcrheostat: PWM 80 % ADC 2.349 v Period 8 ms
adcrheostat: PWM 80 % ADC 2.405 v Period 7 ms
adcrheostat: PWM 81 % ADC 2.945 v Period 7 ms
adcrheostat: PWM 81 % ADC 2.464 v Period 8 ms
adcrheostat: PWM 81 % ADC 2.492 v Period 8 ms
adcrheostat: PWM 81 % ADC 2.397 v Period 8 ms
adcrheostat: PWM 81 % ADC 2.505 v Period 8 ms
adcrheostat: PWM 82 % ADC 2.461 v Period 8 ms
adcrheostat: PWM 82 % ADC 2.723 v Period 8 ms
adcrheostat: PWM 82 % ADC 2.904 v Period 8 ms
adcrheostat: PWM 82 % ADC 2.605 v Period 7 ms
adcrheostat: PWM 82 % ADC 2.469 v Period 7 ms
adcrheostat: PWM 83 % ADC 3.033 v Period 8 ms
adcrheostat: PWM 83 % ADC 2.544 v Period 8 ms
adcrheostat: PWM 83 % ADC 2.574 v Period 8 ms
adcrheostat: PWM 83 % ADC 2.543 v Period 8 ms
adcrheostat: PWM 83 % ADC 2.546 v Period 8 ms
adcrheostat: PWM 84 % ADC 2.675 v Period 8 ms
adcrheostat: PWM 84 % ADC 2.672 v Period 8 ms
adcrheostat: PWM 84 % ADC 2.672 v Period 8 ms
adcrheostat: PWM 84 % ADC 2.669 v Period 8 ms
adcrheostat: PWM 84 % ADC 2.672 v Period 8 ms
adcrheostat: PWM 85 % ADC 2.713 v Period 8 ms
adcrheostat: PWM 85 % ADC 2.626 v Period 8 ms
adcrheostat: PWM 85 % ADC 2.621 v Period 8 ms
adcrheostat: PWM 85 % ADC 2.826 v Period 8 ms
adcrheostat: PWM 85 % ADC 2.670 v Period 8 ms
adcrheostat: PWM 86 % ADC 2.623 v Period 8 ms
adcrheostat: PWM 86 % ADC 2.631 v Period 8 ms
adcrheostat: PWM 86 % ADC 2.958 v Period 8 ms
adcrheostat: PWM 86 % ADC 2.960 v Period 8 ms
adcrheostat: PWM 86 % ADC 2.631 v Period 8 ms
adcrheostat: PWM 87 % ADC 2.711 v Period 8 ms
adcrheostat: PWM 87 % ADC 2.996 v Period 8 ms
adcrheostat: PWM 87 % ADC 3.153 v Period 8 ms
adcrheostat: PWM 87 % ADC 2.708 v Period 8 ms
adcrheostat: PWM 87 % ADC 2.670 v Period 8 ms
adcrheostat: PWM 88 % ADC 2.798 v Period 8 ms
adcrheostat: PWM 88 % ADC 2.814 v Period 8 ms
adcrheostat: PWM 88 % ADC 2.798 v Period 8 ms
adcrheostat: PWM 88 % ADC 2.806 v Period 8 ms
adcrheostat: PWM 88 % ADC 2.819 v Period 8 ms
adcrheostat: PWM 89 % ADC 2.796 v Period 8 ms
adcrheostat: PWM 89 % ADC 2.796 v Period 8 ms
adcrheostat: PWM 89 % ADC 2.793 v Period 8 ms
adcrheostat: PWM 89 % ADC 3.289 v Period 2 ms
adcrheostat: PWM 89 % ADC 2.888 v Period 8 ms
adcrheostat: PWM 90 % ADC 2.765 v Period 8 ms
adcrheostat: PWM 90 % ADC 2.757 v Period 8 ms
adcrheostat: PWM 90 % ADC 2.745 v Period 8 ms
adcrheostat: PWM 90 % ADC 2.737 v Period 8 ms
adcrheostat: PWM 90 % ADC 2.724 v Period 8 ms
adcrheostat: PWM 91 % ADC 2.875 v Period 8 ms
adcrheostat: PWM 91 % ADC 2.909 v Period 8 ms
adcrheostat: PWM 91 % ADC 2.875 v Period 8 ms
adcrheostat: PWM 91 % ADC 3.027 v Period 8 ms
adcrheostat: PWM 91 % ADC 3.290 v Period 8 ms
adcrheostat: PWM 92 % ADC 2.917 v Period 8 ms
adcrheostat: PWM 92 % ADC 2.916 v Period 8 ms
adcrheostat: PWM 92 % ADC 2.916 v Period 8 ms
adcrheostat: PWM 92 % ADC 2.919 v Period 8 ms
adcrheostat: PWM 92 % ADC 2.921 v Period 8 ms
adcrheostat: PWM 93 % ADC 2.960 v Period 8 ms
adcrheostat: PWM 93 % ADC 2.960 v Period 8 ms
adcrheostat: PWM 93 % ADC 2.940 v Period 8 ms
adcrheostat: PWM 93 % ADC 2.960 v Period 8 ms
adcrheostat: PWM 93 % ADC 3.076 v Period 8 ms
adcrheostat: PWM 94 % ADC 3.125 v Period 8 ms
adcrheostat: PWM 94 % ADC 3.122 v Period 8 ms
adcrheostat: PWM 94 % ADC 2.963 v Period 8 ms
adcrheostat: PWM 94 % ADC 2.960 v Period 8 ms
adcrheostat: PWM 94 % ADC 3.125 v Period 8 ms
adcrheostat: PWM 95 % ADC 2.960 v Period 8 ms
adcrheostat: PWM 95 % ADC 2.964 v Period 8 ms
adcrheostat: PWM 95 % ADC 2.986 v Period 8 ms
adcrheostat: PWM 95 % ADC 3.041 v Period 8 ms
adcrheostat: PWM 95 % ADC 2.961 v Period 8 ms
adcrheostat: PWM 96 % ADC 3.045 v Period 8 ms
adcrheostat: PWM 96 % ADC 3.042 v Period 8 ms
adcrheostat: PWM 96 % ADC 3.022 v Period 8 ms
adcrheostat: PWM 96 % ADC 3.047 v Period 8 ms
adcrheostat: PWM 96 % ADC 3.043 v Period 8 ms
adcrheostat: PWM 97 % ADC 3.128 v Period 8 ms
adcrheostat: PWM 97 % ADC 3.143 v Period 8 ms
adcrheostat: PWM 97 % ADC 3.289 v Period 8 ms
adcrheostat: PWM 97 % ADC 3.166 v Period 9 ms
adcrheostat: PWM 97 % ADC 3.127 v Period 8 ms
adcrheostat: PWM 98 % ADC 3.128 v Period 8 ms
adcrheostat: PWM 98 % ADC 3.207 v Period 8 ms
adcrheostat: PWM 98 % ADC 3.207 v Period 8 ms
adcrheostat: PWM 98 % ADC 3.130 v Period 8 ms
adcrheostat: PWM 98 % ADC 3.127 v Period 8 ms
adcrheostat: PWM 99 % ADC 3.207 v Period 8 ms
adcrheostat: PWM 99 % ADC 3.210 v Period 8 ms
adcrheostat: PWM 99 % ADC 3.289 v Period 8 ms
adcrheostat: PWM 99 % ADC 3.210 v Period 8 ms
adcrheostat: PWM 99 % ADC 3.210 v Period 8 ms
adcrheostat: PWM 100 % ADC 3.290 v Period 8 ms
adcrheostat: PWM 100 % ADC 3.289 v Period 8 ms
adcrheostat: PWM 100 % ADC 3.290 v Period 8 ms
adcrheostat: PWM 100 % ADC 3.290 v Period 8 ms
adcrheostat: PWM 100 % ADC 3.289 v Period 8 ms
adcrheostat: PWM 99 % ADC 3.207 v Period 8 ms
adcrheostat: PWM 99 % ADC 3.210 v Period 8 ms
adcrheostat: PWM 99 % ADC 3.210 v Period 8 ms
adcrheostat: PWM 99 % ADC 3.290 v Period 8 ms
adcrheostat: PWM 99 % ADC 3.248 v Period 8 ms
adcrheostat: PWM 98 % ADC 3.207 v Period 8 ms
adcrheostat: PWM 98 % ADC 3.166 v Period 8 ms
adcrheostat: PWM 98 % ADC 3.127 v Period 8 ms
adcrheostat: PWM 98 % ADC 3.125 v Period 8 ms
adcrheostat: PWM 98 % ADC 3.207 v Period 8 ms
adcrheostat: PWM 97 % ADC 3.124 v Period 8 ms
adcrheostat: PWM 97 % ADC 3.127 v Period 8 ms
adcrheostat: PWM 97 % ADC 3.125 v Period 8 ms
adcrheostat: PWM 97 % ADC 3.125 v Period 8 ms
adcrheostat: PWM 97 % ADC 3.243 v Period 8 ms
adcrheostat: PWM 96 % ADC 3.042 v Period 8 ms
adcrheostat: PWM 96 % ADC 3.043 v Period 8 ms
adcrheostat: PWM 96 % ADC 3.042 v Period 7 ms
adcrheostat: PWM 96 % ADC 3.042 v Period 8 ms
adcrheostat: PWM 96 % ADC 3.042 v Period 8 ms
adcrheostat: PWM 95 % ADC 2.958 v Period 8 ms
adcrheostat: PWM 95 % ADC 2.960 v Period 8 ms
adcrheostat: PWM 95 % ADC 2.976 v Period 8 ms
adcrheostat: PWM 95 % ADC 3.050 v Period 8 ms
adcrheostat: PWM 95 % ADC 2.970 v Period 8 ms
adcrheostat: PWM 94 % ADC 2.960 v Period 8 ms
adcrheostat: PWM 94 % ADC 2.958 v Period 8 ms
adcrheostat: PWM 94 % ADC 3.009 v Period 8 ms
adcrheostat: PWM 94 % ADC 3.153 v Period 8 ms
adcrheostat: PWM 94 % ADC 3.050 v Period 8 ms
adcrheostat: PWM 93 % ADC 2.960 v Period 8 ms
adcrheostat: PWM 93 % ADC 2.960 v Period 8 ms
adcrheostat: PWM 93 % ADC 2.988 v Period 8 ms
adcrheostat: PWM 93 % ADC 2.957 v Period 8 ms
adcrheostat: PWM 93 % ADC 3.024 v Period 8 ms
adcrheostat: PWM 92 % ADC 2.916 v Period 8 ms
adcrheostat: PWM 92 % ADC 2.914 v Period 8 ms
adcrheostat: PWM 92 % ADC 2.924 v Period 8 ms
adcrheostat: PWM 92 % ADC 2.919 v Period 8 ms
adcrheostat: PWM 92 % ADC 2.916 v Period 8 ms
adcrheostat: PWM 91 % ADC 3.289 v Period 8 ms
adcrheostat: PWM 91 % ADC 2.875 v Period 8 ms
adcrheostat: PWM 91 % ADC 2.878 v Period 8 ms
adcrheostat: PWM 91 % ADC 2.906 v Period 8 ms
adcrheostat: PWM 91 % ADC 2.875 v Period 8 ms
adcrheostat: PWM 90 % ADC 2.731 v Period 8 ms
adcrheostat: PWM 90 % ADC 2.728 v Period 8 ms
adcrheostat: PWM 90 % ADC 2.739 v Period 7 ms
adcrheostat: PWM 90 % ADC 2.759 v Period 8 ms
adcrheostat: PWM 90 % ADC 2.778 v Period 8 ms
adcrheostat: PWM 89 % ADC 3.037 v Period 8 ms
adcrheostat: PWM 89 % ADC 3.194 v Period 8 ms
adcrheostat: PWM 89 % ADC 2.793 v Period 8 ms
adcrheostat: PWM 89 % ADC 2.796 v Period 8 ms
adcrheostat: PWM 89 % ADC 2.796 v Period 8 ms
adcrheostat: PWM 88 % ADC 2.793 v Period 8 ms
adcrheostat: PWM 88 % ADC 2.808 v Period 8 ms
adcrheostat: PWM 88 % ADC 2.755 v Period 7 ms
adcrheostat: PWM 88 % ADC 2.793 v Period 8 ms
adcrheostat: PWM 88 % ADC 2.790 v Period 8 ms
adcrheostat: PWM 87 % ADC 2.711 v Period 8 ms
adcrheostat: PWM 87 % ADC 2.963 v Period 8 ms
adcrheostat: PWM 87 % ADC 3.187 v Period 8 ms
adcrheostat: PWM 87 % ADC 2.713 v Period 8 ms
adcrheostat: PWM 87 % ADC 2.711 v Period 8 ms
adcrheostat: PWM 86 % ADC 2.631 v Period 8 ms
adcrheostat: PWM 86 % ADC 2.628 v Period 8 ms
adcrheostat: PWM 86 % ADC 2.940 v Period 8 ms
adcrheostat: PWM 86 % ADC 2.960 v Period 8 ms
adcrheostat: PWM 86 % ADC 2.631 v Period 9 ms
adcrheostat: PWM 85 % ADC 2.825 v Period 8 ms
adcrheostat: PWM 85 % ADC 2.667 v Period 8 ms
adcrheostat: PWM 85 % ADC 2.633 v Period 8 ms
adcrheostat: PWM 85 % ADC 2.682 v Period 7 ms
adcrheostat: PWM 85 % ADC 2.824 v Period 8 ms
adcrheostat: PWM 84 % ADC 2.667 v Period 8 ms
adcrheostat: PWM 84 % ADC 2.712 v Period 8 ms
adcrheostat: PWM 84 % ADC 2.667 v Period 8 ms
adcrheostat: PWM 84 % ADC 2.667 v Period 8 ms
adcrheostat: PWM 84 % ADC 2.667 v Period 8 ms
adcrheostat: PWM 83 % ADC 2.641 v Period 8 ms
adcrheostat: PWM 83 % ADC 2.551 v Period 8 ms
adcrheostat: PWM 83 % ADC 2.574 v Period 9 ms
adcrheostat: PWM 83 % ADC 2.543 v Period 8 ms
adcrheostat: PWM 83 % ADC 2.898 v Period 8 ms
adcrheostat: PWM 82 % ADC 2.603 v Period 8 ms
adcrheostat: PWM 82 % ADC 2.904 v Period 8 ms
adcrheostat: PWM 82 % ADC 2.708 v Period 8 ms
adcrheostat: PWM 82 % ADC 2.464 v Period 8 ms
adcrheostat: PWM 82 % ADC 2.479 v Period 8 ms
adcrheostat: PWM 81 % ADC 2.464 v Period 8 ms
adcrheostat: PWM 81 % ADC 2.492 v Period 8 ms
adcrheostat: PWM 81 % ADC 2.487 v Period 8 ms
adcrheostat: PWM 81 % ADC 2.461 v Period 8 ms
adcrheostat: PWM 81 % ADC 2.935 v Period 8 ms
adcrheostat: PWM 80 % ADC 2.317 v Period 8 ms
adcrheostat: PWM 80 % ADC 2.316 v Period 8 ms
adcrheostat: PWM 80 % ADC 2.353 v Period 8 ms
adcrheostat: PWM 80 % ADC 2.379 v Period 8 ms
adcrheostat: PWM 80 % ADC 2.298 v Period 8 ms
adcrheostat: PWM 79 % ADC 2.407 v Period 8 ms
adcrheostat: PWM 79 % ADC 2.379 v Period 8 ms
adcrheostat: PWM 79 % ADC 3.089 v Period 8 ms
adcrheostat: PWM 79 % ADC 2.729 v Period 8 ms
adcrheostat: PWM 79 % ADC 2.379 v Period 8 ms
adcrheostat: PWM 78 % ADC 2.562 v Period 8 ms
adcrheostat: PWM 78 % ADC 2.821 v Period 8 ms
adcrheostat: PWM 78 % ADC 2.497 v Period 8 ms
adcrheostat: PWM 78 % ADC 2.297 v Period 8 ms
adcrheostat: PWM 78 % ADC 2.441 v Period 8 ms
adcrheostat: PWM 77 % ADC 2.307 v Period 8 ms
adcrheostat: PWM 77 % ADC 2.299 v Period 8 ms
adcrheostat: PWM 77 % ADC 2.986 v Period 8 ms
adcrheostat: PWM 77 % ADC 2.776 v Period 7 ms
adcrheostat: PWM 77 % ADC 2.297 v Period 8 ms
adcrheostat: PWM 76 % ADC 2.456 v Period 6 ms
adcrheostat: PWM 76 % ADC 2.456 v Period 8 ms
adcrheostat: PWM 76 % ADC 2.451 v Period 7 ms
adcrheostat: PWM 76 % ADC 2.415 v Period 8 ms
adcrheostat: PWM 76 % ADC 2.451 v Period 7 ms
adcrheostat: PWM 75 % ADC 2.196 v Period 8 ms
adcrheostat: PWM 75 % ADC 2.245 v Period 8 ms
adcrheostat: PWM 75 % ADC 2.248 v Period 8 ms
adcrheostat: PWM 75 % ADC 2.250 v Period 8 ms
adcrheostat: PWM 75 % ADC 2.245 v Period 8 ms
adcrheostat: PWM 74 % ADC 2.538 v Period 8 ms
adcrheostat: PWM 74 % ADC 2.757 v Period 8 ms
adcrheostat: PWM 74 % ADC 2.281 v Period 8 ms
adcrheostat: PWM 74 % ADC 2.132 v Period 8 ms
adcrheostat: PWM 74 % ADC 2.366 v Period 8 ms
adcrheostat: PWM 73 % ADC 2.160 v Period 8 ms
adcrheostat: PWM 73 % ADC 2.160 v Period 8 ms
adcrheostat: PWM 73 % ADC 2.348 v Period 8 ms
adcrheostat: PWM 73 % ADC 3.032 v Period 8 ms
adcrheostat: PWM 73 % ADC 2.461 v Period 8 ms
adcrheostat: PWM 72 % ADC 2.292 v Period 8 ms
adcrheostat: PWM 72 % ADC 2.276 v Period 8 ms
adcrheostat: PWM 72 % ADC 2.297 v Period 8 ms
adcrheostat: PWM 72 % ADC 2.297 v Period 8 ms
adcrheostat: PWM 72 % ADC 2.299 v Period 8 ms
adcrheostat: PWM 71 % ADC 2.793 v Period 8 ms
adcrheostat: PWM 71 % ADC 2.050 v Period 8 ms
adcrheostat: PWM 71 % ADC 2.078 v Period 8 ms
adcrheostat: PWM 71 % ADC 2.081 v Period 8 ms
adcrheostat: PWM 71 % ADC 2.203 v Period 7 ms
adcrheostat: PWM 70 % ADC 2.281 v Period 8 ms
adcrheostat: PWM 70 % ADC 2.310 v Period 8 ms
adcrheostat: PWM 70 % ADC 2.276 v Period 8 ms
adcrheostat: PWM 70 % ADC 2.361 v Period 8 ms
adcrheostat: PWM 70 % ADC 2.256 v Period 8 ms
adcrheostat: PWM 69 % ADC 2.865 v Period 8 ms
adcrheostat: PWM 69 % ADC 2.441 v Period 8 ms
adcrheostat: PWM 69 % ADC 1.962 v Period 8 ms
adcrheostat: PWM 69 % ADC 1.993 v Period 8 ms
adcrheostat: PWM 69 % ADC 1.965 v Period 8 ms
adcrheostat: PWM 68 % ADC 2.203 v Period 8 ms
adcrheostat: PWM 68 % ADC 2.199 v Period 8 ms
adcrheostat: PWM 68 % ADC 2.155 v Period 8 ms
adcrheostat: PWM 68 % ADC 2.202 v Period 8 ms
adcrheostat: PWM 68 % ADC 2.196 v Period 9 ms
adcrheostat: PWM 67 % ADC 2.130 v Period 8 ms
adcrheostat: PWM 67 % ADC 2.785 v Period 8 ms
adcrheostat: PWM 67 % ADC 2.436 v Period 8 ms
adcrheostat: PWM 67 % ADC 1.883 v Period 8 ms
adcrheostat: PWM 67 % ADC 1.909 v Period 8 ms
adcrheostat: PWM 66 % ADC 1.799 v Period 8 ms
adcrheostat: PWM 66 % ADC 2.014 v Period 7 ms
adcrheostat: PWM 66 % ADC 2.549 v Period 4 ms
adcrheostat: PWM 66 % ADC 2.327 v Period 8 ms
adcrheostat: PWM 66 % ADC 1.800 v Period 8 ms
adcrheostat: PWM 65 % ADC 2.279 v Period 8 ms
adcrheostat: PWM 65 % ADC 2.096 v Period 8 ms
adcrheostat: PWM 65 % ADC 1.967 v Period 8 ms
adcrheostat: PWM 65 % ADC 2.052 v Period 8 ms
adcrheostat: PWM 65 % ADC 2.314 v Period 8 ms
adcrheostat: PWM 64 % ADC 2.042 v Period 8 ms
adcrheostat: PWM 64 % ADC 2.055 v Period 8 ms
adcrheostat: PWM 64 % ADC 2.062 v Period 8 ms
adcrheostat: PWM 64 % ADC 2.073 v Period 8 ms
adcrheostat: PWM 64 % ADC 2.075 v Period 8 ms
adcrheostat: PWM 63 % ADC 1.931 v Period 8 ms
adcrheostat: PWM 63 % ADC 1.744 v Period 8 ms
adcrheostat: PWM 63 % ADC 1.744 v Period 8 ms
adcrheostat: PWM 63 % ADC 2.024 v Period 8 ms
adcrheostat: PWM 63 % ADC 2.618 v Period 8 ms
adcrheostat: PWM 62 % ADC 2.024 v Period 8 ms
adcrheostat: PWM 62 % ADC 2.487 v Period 8 ms
adcrheostat: PWM 62 % ADC 2.039 v Period 8 ms
adcrheostat: PWM 62 % ADC 1.633 v Period 8 ms
adcrheostat: PWM 62 % ADC 1.901 v Period 8 ms
adcrheostat: PWM 61 % ADC 1.664 v Period 8 ms
adcrheostat: PWM 61 % ADC 1.659 v Period 8 ms
adcrheostat: PWM 61 % ADC 2.086 v Period 8 ms
adcrheostat: PWM 61 % ADC 2.536 v Period 8 ms
adcrheostat: PWM 61 % ADC 2.227 v Period 8 ms
adcrheostat: PWM 60 % ADC 1.818 v Period 8 ms
adcrheostat: PWM 60 % ADC 1.937 v Period 8 ms
adcrheostat: PWM 60 % ADC 1.881 v Period 8 ms
adcrheostat: PWM 60 % ADC 1.810 v Period 8 ms
adcrheostat: PWM 60 % ADC 1.919 v Period 8 ms
adcrheostat: PWM 59 % ADC 2.204 v Period 8 ms
adcrheostat: PWM 59 % ADC 2.456 v Period 8 ms
adcrheostat: PWM 59 % ADC 2.029 v Period 8 ms
adcrheostat: PWM 59 % ADC 1.581 v Period 8 ms
adcrheostat: PWM 59 % ADC 1.579 v Period 8 ms
adcrheostat: PWM 58 % ADC 2.371 v Period 8 ms
adcrheostat: PWM 58 % ADC 1.978 v Period 8 ms
adcrheostat: PWM 58 % ADC 1.467 v Period 7 ms
adcrheostat: PWM 58 % ADC 1.731 v Period 8 ms
adcrheostat: PWM 58 % ADC 2.266 v Period 8 ms
adcrheostat: PWM 57 % ADC 2.235 v Period 8 ms
adcrheostat: PWM 57 % ADC 2.374 v Period 8 ms
adcrheostat: PWM 57 % ADC 1.911 v Period 8 ms
adcrheostat: PWM 57 % ADC 1.499 v Period 7 ms
adcrheostat: PWM 57 % ADC 1.499 v Period 8 ms
adcrheostat: PWM 56 % ADC 1.828 v Period 8 ms
adcrheostat: PWM 56 % ADC 1.849 v Period 8 ms
adcrheostat: PWM 56 % ADC 1.831 v Period 8 ms
adcrheostat: PWM 56 % ADC 1.831 v Period 8 ms
adcrheostat: PWM 56 % ADC 1.829 v Period 8 ms
adcrheostat: PWM 55 % ADC 1.679 v Period 8 ms
adcrheostat: PWM 55 % ADC 1.947 v Period 8 ms
adcrheostat: PWM 55 % ADC 1.872 v Period 8 ms
adcrheostat: PWM 55 % ADC 1.774 v Period 8 ms
adcrheostat: PWM 55 % ADC 1.984 v Period 8 ms
adcrheostat: PWM 54 % ADC 2.047 v Period 7 ms
adcrheostat: PWM 54 % ADC 2.088 v Period 8 ms
adcrheostat: PWM 54 % ADC 1.556 v Period 8 ms
adcrheostat: PWM 54 % ADC 1.386 v Period 8 ms
adcrheostat: PWM 54 % ADC 1.919 v Period 8 ms
adcrheostat: PWM 53 % ADC 1.332 v Period 8 ms
adcrheostat: PWM 53 % ADC 1.515 v Period 8 ms
adcrheostat: PWM 53 % ADC 2.207 v Period 8 ms
adcrheostat: PWM 53 % ADC 2.207 v Period 8 ms
adcrheostat: PWM 53 % ADC 1.741 v Period 8 ms
adcrheostat: PWM 52 % ADC 1.682 v Period 7 ms
adcrheostat: PWM 52 % ADC 1.687 v Period 8 ms
adcrheostat: PWM 52 % ADC 1.703 v Period 8 ms
adcrheostat: PWM 52 % ADC 1.707 v Period 8 ms
adcrheostat: PWM 52 % ADC 1.682 v Period 8 ms
adcrheostat: PWM 51 % ADC 2.072 v Period 8 ms
adcrheostat: PWM 51 % ADC 1.345 v Period 8 ms
adcrheostat: PWM 51 % ADC 1.247 v Period 8 ms
adcrheostat: PWM 51 % ADC 1.412 v Period 8 ms
adcrheostat: PWM 51 % ADC 2.122 v Period 8 ms
adcrheostat: PWM 50 % ADC 1.669 v Period 8 ms
adcrheostat: PWM 50 % ADC 1.651 v Period 8 ms
adcrheostat: PWM 50 % ADC 1.646 v Period 8 ms
adcrheostat: PWM 50 % ADC 1.657 v Period 8 ms
adcrheostat: PWM 50 % ADC 1.656 v Period 8 ms
adcrheostat: PWM 49 % ADC 1.175 v Period 7 ms
adcrheostat: PWM 49 % ADC 1.906 v Period 8 ms
adcrheostat: PWM 49 % ADC 2.042 v Period 8 ms
adcrheostat: PWM 49 % ADC 1.913 v Period 8 ms
adcrheostat: PWM 49 % ADC 1.186 v Period 8 ms
adcrheostat: PWM 48 % ADC 1.576 v Period 8 ms
adcrheostat: PWM 48 % ADC 1.584 v Period 8 ms
adcrheostat: PWM 48 % ADC 1.584 v Period 8 ms
adcrheostat: PWM 48 % ADC 1.584 v Period 8 ms
adcrheostat: PWM 48 % ADC 1.579 v Period 8 ms
adcrheostat: PWM 47 % ADC 1.517 v Period 8 ms
adcrheostat: PWM 47 % ADC 1.084 v Period 8 ms
adcrheostat: PWM 47 % ADC 1.083 v Period 8 ms
adcrheostat: PWM 47 % ADC 1.800 v Period 8 ms
adcrheostat: PWM 47 % ADC 1.957 v Period 8 ms
adcrheostat: PWM 46 % ADC 1.546 v Period 8 ms
adcrheostat: PWM 46 % ADC 1.980 v Period 8 ms
adcrheostat: PWM 46 % ADC 1.586 v Period 8 ms
adcrheostat: PWM 46 % ADC 1.093 v Period 8 ms
adcrheostat: PWM 46 % ADC 1.306 v Period 8 ms
adcrheostat: PWM 45 % ADC 1.625 v Period 8 ms
adcrheostat: PWM 45 % ADC 1.358 v Period 8 ms
adcrheostat: PWM 45 % ADC 1.435 v Period 8 ms
adcrheostat: PWM 45 % ADC 1.651 v Period 8 ms
adcrheostat: PWM 45 % ADC 1.581 v Period 8 ms
adcrheostat: PWM 44 % ADC 1.491 v Period 8 ms
adcrheostat: PWM 44 % ADC 1.484 v Period 8 ms
adcrheostat: PWM 44 % ADC 1.474 v Period 8 ms
adcrheostat: PWM 44 % ADC 1.463 v Period 8 ms
adcrheostat: PWM 44 % ADC 1.417 v Period 8 ms
adcrheostat: PWM 43 % ADC 0.995 v Period 8 ms
adcrheostat: PWM 43 % ADC 1.723 v Period 8 ms
adcrheostat: PWM 43 % ADC 1.790 v Period 8 ms
adcrheostat: PWM 43 % ADC 1.772 v Period 8 ms
adcrheostat: PWM 43 % ADC 1.118 v Period 8 ms
adcrheostat: PWM 42 % ADC 1.815 v Period 8 ms
adcrheostat: PWM 42 % ADC 1.403 v Period 8 ms
adcrheostat: PWM 42 % ADC 0.913 v Period 8 ms
adcrheostat: PWM 42 % ADC 1.280 v Period 8 ms
adcrheostat: PWM 42 % ADC 1.818 v Period 8 ms
adcrheostat: PWM 41 % ADC 0.908 v Period 8 ms
adcrheostat: PWM 41 % ADC 1.643 v Period 8 ms
adcrheostat: PWM 41 % ADC 1.708 v Period 8 ms
adcrheostat: PWM 41 % ADC 1.708 v Period 8 ms
adcrheostat: PWM 41 % ADC 1.124 v Period 8 ms
adcrheostat: PWM 40 % ADC 1.399 v Period 8 ms
adcrheostat: PWM 40 % ADC 1.338 v Period 8 ms
adcrheostat: PWM 40 % ADC 1.463 v Period 8 ms
adcrheostat: PWM 40 % ADC 1.429 v Period 8 ms
adcrheostat: PWM 40 % ADC 1.336 v Period 8 ms
adcrheostat: PWM 39 % ADC 1.612 v Period 8 ms
adcrheostat: PWM 39 % ADC 0.856 v Period 8 ms
adcrheostat: PWM 39 % ADC 0.748 v Period 8 ms
adcrheostat: PWM 39 % ADC 1.402 v Period 8 ms
adcrheostat: PWM 39 % ADC 1.625 v Period 8 ms
adcrheostat: PWM 38 % ADC 1.327 v Period 8 ms
adcrheostat: PWM 38 % ADC 1.653 v Period 8 ms
adcrheostat: PWM 38 % ADC 1.304 v Period 8 ms
adcrheostat: PWM 38 % ADC 0.797 v Period 8 ms
adcrheostat: PWM 38 % ADC 1.203 v Period 8 ms
adcrheostat: PWM 37 % ADC 1.571 v Period 8 ms
adcrheostat: PWM 37 % ADC 0.820 v Period 8 ms
adcrheostat: PWM 37 % ADC 0.666 v Period 8 ms
adcrheostat: PWM 37 % ADC 1.355 v Period 8 ms
adcrheostat: PWM 37 % ADC 1.543 v Period 8 ms
adcrheostat: PWM 36 % ADC 1.208 v Period 8 ms
adcrheostat: PWM 36 % ADC 1.207 v Period 8 ms
adcrheostat: PWM 36 % ADC 1.208 v Period 8 ms
adcrheostat: PWM 36 % ADC 1.208 v Period 8 ms
adcrheostat: PWM 36 % ADC 1.208 v Period 8 ms
adcrheostat: PWM 35 % ADC 1.286 v Period 8 ms
adcrheostat: PWM 35 % ADC 1.369 v Period 8 ms
adcrheostat: PWM 35 % ADC 1.070 v Period 8 ms
adcrheostat: PWM 35 % ADC 1.058 v Period 8 ms
adcrheostat: PWM 35 % ADC 1.322 v Period 8 ms
adcrheostat: PWM 34 % ADC 1.489 v Period 8 ms
adcrheostat: PWM 34 % ADC 1.083 v Period 8 ms
adcrheostat: PWM 34 % ADC 0.715 v Period 8 ms
adcrheostat: PWM 34 % ADC 1.121 v Period 8 ms
adcrheostat: PWM 34 % ADC 1.484 v Period 8 ms
adcrheostat: PWM 33 % ADC 0.692 v Period 8 ms
adcrheostat: PWM 33 % ADC 1.404 v Period 8 ms
adcrheostat: PWM 33 % ADC 1.376 v Period 8 ms
adcrheostat: PWM 33 % ADC 1.376 v Period 8 ms
adcrheostat: PWM 33 % ADC 1.010 v Period 8 ms
adcrheostat: PWM 32 % ADC 1.083 v Period 8 ms
adcrheostat: PWM 32 % ADC 1.085 v Period 8 ms
adcrheostat: PWM 32 % ADC 1.111 v Period 8 ms
adcrheostat: PWM 32 % ADC 1.090 v Period 8 ms
adcrheostat: PWM 32 % ADC 1.101 v Period 8 ms
adcrheostat: PWM 31 % ADC 0.558 v Period 8 ms
adcrheostat: PWM 31 % ADC 0.615 v Period 7 ms
adcrheostat: PWM 31 % ADC 1.322 v Period 8 ms
adcrheostat: PWM 31 % ADC 1.291 v Period 8 ms
adcrheostat: PWM 31 % ADC 1.293 v Period 8 ms
adcrheostat: PWM 30 % ADC 1.126 v Period 8 ms
adcrheostat: PWM 30 % ADC 1.154 v Period 8 ms
adcrheostat: PWM 30 % ADC 1.124 v Period 8 ms
adcrheostat: PWM 30 % ADC 1.129 v Period 8 ms
adcrheostat: PWM 30 % ADC 1.116 v Period 8 ms
adcrheostat: PWM 29 % ADC 0.959 v Period 8 ms
adcrheostat: PWM 29 % ADC 0.334 v Period 8 ms
adcrheostat: PWM 29 % ADC 0.887 v Period 8 ms
adcrheostat: PWM 29 % ADC 1.239 v Period 8 ms
adcrheostat: PWM 29 % ADC 1.211 v Period 8 ms
adcrheostat: PWM 28 % ADC 0.956 v Period 8 ms
adcrheostat: PWM 28 % ADC 0.959 v Period 8 ms
adcrheostat: PWM 28 % ADC 0.962 v Period 8 ms
adcrheostat: PWM 28 % ADC 0.956 v Period 8 ms
adcrheostat: PWM 28 % ADC 0.956 v Period 8 ms
adcrheostat: PWM 27 % ADC 1.129 v Period 8 ms
adcrheostat: PWM 27 % ADC 0.992 v Period 8 ms
adcrheostat: PWM 27 % ADC 0.252 v Period 8 ms
adcrheostat: PWM 27 % ADC 0.766 v Period 8 ms
adcrheostat: PWM 27 % ADC 1.155 v Period 8 ms
adcrheostat: PWM 26 % ADC 0.697 v Period 8 ms
adcrheostat: PWM 26 % ADC 1.152 v Period 8 ms
adcrheostat: PWM 26 % ADC 1.160 v Period 8 ms
adcrheostat: PWM 26 % ADC 0.766 v Period 8 ms
adcrheostat: PWM 26 % ADC 0.548 v Period 8 ms
adcrheostat: PWM 25 % ADC 1.094 v Period 8 ms
adcrheostat: PWM 25 % ADC 1.117 v Period 8 ms
adcrheostat: PWM 25 % ADC 1.109 v Period 8 ms
adcrheostat: PWM 25 % ADC 1.103 v Period 8 ms
adcrheostat: PWM 25 % ADC 1.105 v Period 8 ms
adcrheostat: PWM 24 % ADC 0.838 v Period 8 ms
adcrheostat: PWM 24 % ADC 0.841 v Period 8 ms
adcrheostat: PWM 24 % ADC 0.838 v Period 8 ms
adcrheostat: PWM 24 % ADC 0.836 v Period 5 ms
adcrheostat: PWM 24 % ADC 0.841 v Period 8 ms
adcrheostat: PWM 23 % ADC 0.200 v Period 8 ms
adcrheostat: PWM 23 % ADC 0.640 v Period 8 ms
adcrheostat: PWM 23 % ADC 0.990 v Period 8 ms
adcrheostat: PWM 23 % ADC 0.962 v Period 8 ms
adcrheostat: PWM 23 % ADC 0.990 v Period 8 ms
adcrheostat: PWM 22 % ADC 0.615 v Period 8 ms
adcrheostat: PWM 22 % ADC 0.463 v Period 8 ms
adcrheostat: PWM 22 % ADC 0.892 v Period 8 ms
adcrheostat: PWM 22 % ADC 0.990 v Period 8 ms
adcrheostat: PWM 22 % ADC 0.743 v Period 8 ms
adcrheostat: PWM 21 % ADC 0.203 v Period 8 ms
adcrheostat: PWM 21 % ADC 0.553 v Period 8 ms
adcrheostat: PWM 21 % ADC 0.908 v Period 8 ms
adcrheostat: PWM 21 % ADC 0.879 v Period 3 ms
adcrheostat: PWM 21 % ADC 0.908 v Period 8 ms
adcrheostat: PWM 20 % ADC 0.949 v Period 8 ms
adcrheostat: PWM 20 % ADC 0.985 v Period 8 ms
adcrheostat: PWM 20 % ADC 0.923 v Period 8 ms
adcrheostat: PWM 20 % ADC 0.857 v Period 8 ms
adcrheostat: PWM 20 % ADC 0.882 v Period 7 ms
adcrheostat: PWM 19 % ADC 0.825 v Period 8 ms
adcrheostat: PWM 19 % ADC 0.794 v Period 8 ms
adcrheostat: PWM 19 % ADC 0.825 v Period 8 ms
adcrheostat: PWM 19 % ADC 0.290 v Period 8 ms
adcrheostat: PWM 19 % ADC 0.383 v Period 8 ms
adcrheostat: PWM 18 % ADC 0.823 v Period 8 ms
adcrheostat: PWM 18 % ADC 0.828 v Period 8 ms
adcrheostat: PWM 18 % ADC 0.429 v Period 3 ms
adcrheostat: PWM 18 % ADC 0.380 v Period 8 ms
adcrheostat: PWM 18 % ADC 0.790 v Period 8 ms
adcrheostat: PWM 17 % ADC 0.743 v Period 8 ms
adcrheostat: PWM 17 % ADC 0.712 v Period 8 ms
adcrheostat: PWM 17 % ADC 0.743 v Period 8 ms
adcrheostat: PWM 17 % ADC 0.172 v Period 8 ms
adcrheostat: PWM 17 % ADC 0.419 v Period 8 ms
adcrheostat: PWM 16 % ADC 0.614 v Period 8 ms
adcrheostat: PWM 16 % ADC 0.615 v Period 8 ms
adcrheostat: PWM 16 % ADC 0.614 v Period 8 ms
adcrheostat: PWM 16 % ADC 0.615 v Period 8 ms
adcrheostat: PWM 16 % ADC 0.614 v Period 8 ms
adcrheostat: PWM 15 % ADC 0.661 v Period 8 ms
adcrheostat: PWM 15 % ADC 0.594 v Period 8 ms
adcrheostat: PWM 15 % ADC 0.463 v Period 8 ms
adcrheostat: PWM 15 % ADC 0.661 v Period 8 ms
adcrheostat: PWM 15 % ADC 0.671 v Period 8 ms
adcrheostat: PWM 14 % ADC 0.378 v Period 8 ms
adcrheostat: PWM 14 % ADC 0.298 v Period 8 ms
adcrheostat: PWM 14 % ADC 0.630 v Period 8 ms
adcrheostat: PWM 14 % ADC 0.694 v Period 8 ms
adcrheostat: PWM 14 % ADC 0.506 v Period 8 ms
adcrheostat: PWM 13 % ADC 0.573 v Period 8 ms
adcrheostat: PWM 13 % ADC 0.573 v Period 8 ms
adcrheostat: PWM 13 % ADC 0.573 v Period 8 ms
adcrheostat: PWM 13 % ADC 0.023 v Period 8 ms
adcrheostat: PWM 13 % ADC 0.401 v Period 8 ms
adcrheostat: PWM 12 % ADC 0.491 v Period 8 ms
adcrheostat: PWM 12 % ADC 0.494 v Period 8 ms
adcrheostat: PWM 12 % ADC 0.496 v Period 8 ms
adcrheostat: PWM 12 % ADC 0.489 v Period 5 ms
adcrheostat: PWM 12 % ADC 0.491 v Period 8 ms
adcrheostat: PWM 11 % ADC -0.003 v Period 8 ms
adcrheostat: PWM 11 % ADC 0.494 v Period 8 ms
adcrheostat: PWM 11 % ADC 0.494 v Period 8 ms
adcrheostat: PWM 11 % ADC 0.463 v Period 8 ms
adcrheostat: PWM 11 % ADC 0.494 v Period 8 ms
adcrheostat: PWM 10 % ADC 0.558 v Period 8 ms
adcrheostat: PWM 10 % ADC 0.546 v Period 8 ms
adcrheostat: PWM 10 % ADC 0.532 v Period 8 ms
adcrheostat: PWM 10 % ADC 0.524 v Period 7 ms
adcrheostat: PWM 10 % ADC 0.514 v Period 8 ms
adcrheostat: PWM 9 % ADC 0.249 v Period 8 ms
adcrheostat: PWM 9 % ADC 0.008 v Period 8 ms
adcrheostat: PWM 9 % ADC 0.409 v Period 8 ms
adcrheostat: PWM 9 % ADC 0.409 v Period 8 ms
adcrheostat: PWM 9 % ADC 0.409 v Period 8 ms
adcrheostat: PWM 8 % ADC 0.362 v Period 7 ms
adcrheostat: PWM 8 % ADC 0.375 v Period 8 ms
adcrheostat: PWM 8 % ADC 0.365 v Period 8 ms
adcrheostat: PWM 8 % ADC 0.368 v Period 8 ms
adcrheostat: PWM 8 % ADC 0.368 v Period 8 ms
adcrheostat: PWM 7 % ADC 0.131 v Period 8 ms
adcrheostat: PWM 7 % ADC 0.043 v Period 8 ms
adcrheostat: PWM 7 % ADC 0.326 v Period 8 ms
adcrheostat: PWM 7 % ADC 0.326 v Period 8 ms
adcrheostat: PWM 7 % ADC 0.324 v Period 8 ms
adcrheostat: PWM 6 % ADC 0.324 v Period 8 ms
adcrheostat: PWM 6 % ADC 0.326 v Period 8 ms
adcrheostat: PWM 6 % ADC 0.162 v Period 8 ms
adcrheostat: PWM 6 % ADC 0.170 v Period 8 ms
adcrheostat: PWM 6 % ADC 0.326 v Period 8 ms
adcrheostat: PWM 5 % ADC 0.242 v Period 8 ms
adcrheostat: PWM 5 % ADC 0.326 v Period 8 ms
adcrheostat: PWM 5 % ADC 0.326 v Period 8 ms
adcrheostat: PWM 5 % ADC 0.264 v Period 8 ms
adcrheostat: PWM 5 % ADC 0.322 v Period 4 ms
adcrheostat: PWM 4 % ADC 0.249 v Period 8 ms
adcrheostat: PWM 4 % ADC 0.244 v Period 8 ms
adcrheostat: PWM 4 % ADC 0.242 v Period 8 ms
adcrheostat: PWM 4 % ADC 0.262 v Period 2 ms
adcrheostat: PWM 4 % ADC 0.244 v Period 8 ms
adcrheostat: PWM 3 % ADC -0.003 v Period 8 ms
adcrheostat: PWM 3 % ADC 0.162 v Period 8 ms
adcrheostat: PWM 3 % ADC 0.159 v Period 8 ms
adcrheostat: PWM 3 % ADC 0.162 v Period 8 ms
adcrheostat: PWM 3 % ADC 0.162 v Period 8 ms
adcrheostat: PWM 2 % ADC 0.159 v Period 8 ms
adcrheostat: PWM 2 % ADC 0.080 v Period 8 ms
adcrheostat: PWM 2 % ADC 0.077 v Period 8 ms
adcrheostat: PWM 2 % ADC 0.159 v Period 8 ms
adcrheostat: PWM 2 % ADC 0.162 v Period 8 ms
adcrheostat: PWM 1 % ADC -0.003 v Period 8 ms
adcrheostat: PWM 1 % ADC 0.080 v Period 8 ms
adcrheostat: PWM 1 % ADC 0.080 v Period 8 ms
adcrheostat: PWM 1 % ADC 0.077 v Period 8 ms
adcrheostat: PWM 1 % ADC 0.077 v Period 8 ms
adcrheostat: PWM 0 % ADC -0.003 v Period 8 ms
adcrheostat: PWM 0 % ADC -0.003 v Period 8 ms
adcrheostat: PWM 0 % ADC -0.003 v Period 8 ms
adcrheostat: PWM 0 % ADC -0.003 v Period 8 ms
adcrheostat: PWM 0 % ADC -0.003 v Period 8 ms
adcrheostat: exiting
#
